22:57:1,22
22:58:1,28
22:59:1,25
23:0:1,25
23:1:1,24
23:2:2,25
23:3:1,22
23:4:1,24
23:5:2,25
23:6:1,23
23:7:1,25
23:8:2,23
23:9:1,23
23:10:1,22
23:11:2,25
23:12:1,25
23:13:1,25
23:14:2,25
23:15:1,23
23:16:1,24
23:17:2,24
23:18:1,23
23:19:1,25
23:20:2,25
23:21:1,24
23:22:1,24
23:23:2,23
23:24:1,24
23:25:1,25
23:26:1,24
23:27:1,25
23:28:1,25
23:29:2,25
23:30:1,24
23:31:1,24
23:32:2,25
23:33:1,24
23:34:1,23
23:35:2,24
23:36:1,23
23:37:1,24
23:38:2,24
23:39:1,23
23:40:1,24
23:41:2,23
23:42:1,24
23:43:1,23
23:44:2,24
23:34:2,13
23:47:1,86
23:48:27,0
23:49:1,0
23:50:1,0
23:51:1,0
23:52:2,0
23:53:1,0
23:54:1,0
23:55:2,1
23:56:1,0
23:57:2,1
23:58:1,0
23:59:1,0
0:0:2,2
0:1:1,0
0:2:1,0
0:3:2,0
0:4:1,2
0:5:1,2
0:6:2,0
0:7:1,1
0:8:1,0
0:9:1,0
0:10:1,2
0:11:1,0
0:12:1,0
0:13:1,2
0:14:2,2
0:15:1,0
0:16:1,0
0:17:2,0
0:18:1,0
0:19:1,0
0:20:2,0
0:21:1,2
0:22:1,1
0:23:2,0
0:24:1,1
0:25:1,0
0:26:2,1
0:27:1,2
0:28:1,0
0:29:2,2
0:30:1,0
0:31:1,0
0:32:1,2
0:33:1,2
0:34:2,2
0:35:1,2
0:36:1,0
0:37:2,2
0:38:1,2
0:39:1,2
0:40:2,1
0:41:1,2
0:42:1,0
0:43:2,1
0:44:1,0
0:45:1,1
0:46:2,1
0:47:1,0
0:48:1,0
0:49:2,0
0:50:1,0
0:51:1,0
0:52:2,0
0:53:1,2
0:54:1,0
0:55:1,1
0:56:1,2
0:57:2,3
0:58:1,2
0:59:1,1
1:0:2,411
1:1:1,1
1:2:1,2
1:3:2,1
1:4:1,1
1:5:1,0
1:6:2,0
1:7:1,0
1:8:1,1
1:9:2,1
1:10:1,0
1:11:1,2
1:12:2,0
1:13:1,0
1:14:1,2
1:15:1,0
1:16:1,0
1:17:2,0
1:18:1,0
1:19:1,0
1:20:2,2
1:21:1,1
1:22:1,0
1:23:2,0
1:24:1,2
1:25:1,1
1:26:2,0
1:27:1,0
1:28:1,0
1:29:2,2
1:30:1,3
1:31:1,2
1:32:2,0
1:33:1,0
1:34:1,1
1:35:1,0
1:36:1,0
1:37:2,0
1:38:1,0
1:39:1,0
1:40:2,0
1:41:1,1
1:42:1,2
1:43:2,2
1:44:1,1
1:45:1,0
1:46:2,0
1:47:1,0
1:48:1,0
1:49:2,0
1:50:1,0
1:51:1,0
1:52:2,1
1:53:1,0
1:54:1,0
1:55:2,0
1:56:1,1
1:57:1,2
1:58:1,1
1:59:1,2
2:0:1,1
2:1:1,1
2:2:1,1
2:3:2,2
2:4:1,0
2:5:1,0
2:6:2,2
2:7:1,0
2:8:1,0
2:9:2,0
2:10:1,0
2:11:1,0
2:12:2,0
2:13:1,2
2:14:1,2
2:15:2,0
2:16:1,1
2:17:1,0
2:18:2,3
2:19:1,2
2:20:1,1
2:21:1,0
2:22:1,1
2:23:2,0
2:24:1,0
2:25:1,0
2:26:2,0
2:27:1,1
2:28:1,0
2:29:2,0
2:30:1,1
2:31:1,1
2:32:2,1
2:33:1,0
2:34:1,2
2:35:2,2
2:36:1,2
2:37:1,0
2:38:2,2
2:39:1,1
2:40:1,1
2:41:2,1
2:42:1,0
2:43:1,0
2:44:1,1
2:45:1,0
2:46:2,0
2:47:1,2
2:48:1,2
2:49:2,2
2:50:1,1
2:51:1,2
2:52:2,1
2:53:1,0
2:54:1,0
2:55:2,1
2:56:1,0
2:57:1,0
2:58:2,0
2:59:1,1
3:0:1,0
3:1:2,0
3:2:1,0
3:3:1,0
3:4:2,0
3:5:1,2
3:6:1,1
3:7:2,1
3:8:1,0
3:9:1,1
3:10:2,1
3:11:1,0
3:12:1,0
3:13:1,0
3:14:1,0
3:15:2,0
3:16:1,2
3:17:1,0
3:18:2,3
3:19:1,2
3:20:1,1
3:21:2,0
3:22:1,2
3:23:1,1
3:24:2,2
3:25:1,0
3:26:1,2
3:27:2,2
3:28:1,0
3:29:1,0
3:30:2,0
3:31:1,0
3:32:1,0
3:33:2,0
3:34:1,3
3:35:1,1
3:36:1,3
3:37:1,2
3:38:2,2
3:39:1,2
3:40:1,2
3:41:2,1
3:42:1,0
3:43:1,0
3:44:2,0
3:45:1,0
3:46:1,0
3:47:2,0
3:48:1,0
3:49:1,0
3:50:2,0
3:51:1,1
3:52:1,2
3:53:2,0
3:54:1,0
3:55:1,1
3:56:2,1
3:57:1,2
3:58:1,0
3:59:2,1
4:0:1,0
4:1:1,0
4:2:1,0
4:3:1,0
4:4:2,0
4:5:1,1
4:6:1,2
4:7:2,0
4:8:1,2
4:9:1,2
4:10:2,2
4:11:1,0
4:12:1,2
4:13:2,0
4:14:1,2
4:15:1,2
4:16:2,0
4:17:1,0
4:18:1,0
4:19:2,0
4:20:1,0
4:21:2,0
4:22:1,2
4:23:1,0
4:24:2,0
4:25:1,0
4:26:1,2
4:27:2,1
4:28:1,1
4:29:1,3
4:30:2,2
4:31:1,0
4:32:1,0
4:33:2,2
4:34:1,0
4:35:1,0
4:36:2,0
4:37:1,1
4:38:1,0
4:39:1,2
4:40:1,2
4:41:2,2
4:42:1,0
4:43:1,1
4:44:2,0
4:45:1,0
4:46:1,0
4:47:2,0
4:48:1,0
4:49:1,0
4:50:2,0
4:51:1,0
4:52:1,2
4:53:2,2
4:54:1,0
4:55:1,0
4:56:2,2
4:57:1,2
4:58:1,2
4:59:2,0
5:0:1,1
5:1:1,2
5:2:1,2
5:3:1,0
5:4:2,0
5:5:1,1
5:6:1,0
5:7:2,1
5:8:1,1
5:9:1,0
5:10:1,1
5:11:1,2
5:12:1,1
5:13:1,1
5:14:1,0
5:15:1,2
5:16:2,0
5:17:1,0
5:18:1,0
5:19:2,0
5:20:1,0
5:21:1,0
5:22:2,1
5:23:1,0
5:24:1,1
5:25:2,0
5:26:1,2
5:27:1,2
5:28:2,2
5:29:1,2
5:30:1,2
5:31:2,2
5:32:1,0
5:33:1,1
5:34:2,2
5:35:1,0
5:36:1,0
5:37:1,1
5:38:1,0
5:39:2,3
5:40:1,0
5:41:1,0
5:42:2,0
5:43:1,2
5:44:1,2
5:45:2,0
5:46:1,0
5:47:1,1
5:48:2,2
5:49:1,2
5:50:1,0
5:51:2,2
5:52:1,2
5:53:1,1
5:54:2,0
5:55:1,3
5:56:1,2
5:57:1,3
5:58:1,1
5:59:1,3
6:0:1,1
6:1:1,2
6:2:2,2
6:3:1,0
6:4:1,1
6:5:2,2
6:6:1,1
6:7:1,0
6:8:2,1
6:9:1,3
6:10:1,0
6:11:2,0
6:12:1,1
6:13:1,2
6:14:2,1
6:15:1,2
6:16:1,2
6:17:2,0
6:18:1,2
6:19:1,1
6:20:2,1
6:21:1,1
6:22:1,1
6:23:2,0
6:24:1,0
6:25:1,0
6:26:1,3
6:27:1,2
6:28:1,2
6:29:1,0
6:30:1,0
6:31:1,2
6:32:1,2
6:33:2,0
6:34:1,0
6:35:1,2
6:36:2,0
6:37:1,1
6:38:1,0
6:39:2,1
6:40:1,1
6:41:1,2
6:42:2,2
6:43:1,0
6:44:1,2
6:45:2,2
6:46:1,2
6:47:1,1
6:48:2,1
6:49:1,1
6:50:1,1
6:51:1,0
6:52:1,2
6:53:1,0
6:54:2,0
6:55:1,2
6:56:1,0
6:57:1,2
6:58:1,0
6:59:2,3
7:0:1,2
7:1:1,3
7:2:2,0
7:3:1,2
7:4:1,2
7:5:2,2
7:6:1,3
7:7:1,3
7:8:2,1
7:9:1,3
7:10:1,0
7:11:2,2
7:12:1,0
7:13:1,3
7:14:2,3
7:15:1,1
7:16:1,1
7:17:2,0
7:18:1,1
7:19:1,3
7:20:1,3
7:21:1,4
7:22:2,0
7:23:1,1
7:24:1,4
7:25:2,4
7:26:1,1
7:27:1,4
7:28:2,4
7:29:1,1
7:30:1,1
7:31:2,4
7:32:1,4
7:33:1,5
7:34:2,3
7:35:1,4
7:36:2,18
7:37:1,21
7:38:1,16
7:39:2,19
7:40:1,27
7:41:1,34
7:42:2,35
7:43:1,31
7:44:1,35
7:45:2,31
7:46:1,32
7:47:1,30
7:48:2,27
7:49:1,26
7:50:1,28
7:51:2,35
7:52:1,39
7:53:1,36
7:54:2,37
7:55:1,28
7:56:1,28
7:57:2,39
7:58:1,48
7:59:1,64
8:0:2,70
8:1:1,73
8:2:1,81
8:3:2,88
8:4:1,102
8:5:2,117
8:6:1,132
8:7:1,113
8:8:2,139
8:9:1,134
8:10:1,180
8:11:2,563
8:12:1,527
8:13:1,629
8:14:2,501
8:15:1,541
8:16:1,493
8:17:2,501
8:18:1,525
8:19:1,542
8:20:2,522
8:21:1,575
8:22:1,163
8:23:2,162
8:24:1,219
8:25:1,247
8:26:2,228
8:27:1,212
8:28:1,257
8:29:1,203
8:30:1,271
8:31:1,347
8:32:1,576
8:33:1,630
8:34:1,506
8:35:1,455
8:36:1,410
8:37:2,382
8:38:1,378
8:39:1,448
8:40:2,471
8:41:1,492
8:42:1,474
8:43:2,443
8:44:1,435
8:45:1,387
8:46:2,433
8:47:1,563
8:48:1,630
8:49:2,629
8:50:1,629
8:51:1,629
8:52:2,629
8:53:1,630
8:54:1,629
8:55:2,630
8:56:1,560
8:57:1,595
8:58:2,629
8:59:1,507
9:0:1,323
9:1:2,31
9:2:1,38
9:3:1,39
9:4:1,38
9:5:1,39
9:6:1,43
9:7:1,43
9:8:1,59
9:9:2,76
9:10:1,75
9:11:1,86
9:12:2,86
9:13:1,83
9:14:1,80
9:15:2,67
9:16:1,73
9:17:1,82
9:18:2,84
9:19:1,85
9:20:1,78
9:21:2,111
9:22:1,108
9:23:1,93
9:24:1,102
9:25:1,93
9:26:2,72
9:27:1,108
9:28:1,94
9:29:2,111
9:30:1,121
9:31:1,119
9:32:2,138
9:33:1,126
9:34:1,96
9:35:2,148
9:36:1,147
9:37:1,149
9:38:2,149
9:39:1,151
9:40:1,155
9:41:2,156
9:42:1,484
9:43:1,501
9:44:2,526
9:45:1,518
9:46:1,550
9:47:2,631
9:48:1,632
9:49:1,630
9:50:2,631
9:51:1,631
9:52:2,631
9:53:1,631
9:54:1,570
9:55:2,628
9:56:1,628
9:57:1,628
9:58:2,626
9:59:1,616
10:0:1,628
10:1:2,628
10:2:1,627
10:3:1,627
10:4:2,578
10:5:1,628
10:6:1,628
10:7:2,627
10:8:1,628
10:9:1,627
10:10:2,628
10:11:1,627
10:12:1,564
10:13:2,565
10:14:1,590
10:15:1,566
10:16:2,524
10:17:1,464
10:18:1,490
10:19:1,510
10:20:1,605
10:21:1,627
10:22:1,627
10:23:1,628
10:24:2,626
10:25:1,626
10:26:1,626
10:27:2,626
10:28:1,627
10:29:1,627
10:30:2,627
10:31:1,625
10:32:1,627
10:33:2,626
10:34:1,626
10:35:1,625
10:36:2,626
10:37:1,627
10:38:1,627
10:39:2,626
10:40:1,627
10:41:1,626
10:42:2,626
10:43:1,627
10:44:1,627
10:45:2,626
10:46:1,627
10:47:1,626
10:48:2,626
10:49:1,626
10:50:1,627
10:51:1,625
10:52:1,627
10:53:2,626
10:54:1,627
10:55:1,627
10:56:2,627
10:57:1,626
10:58:1,627
10:59:2,626
11:0:1,627
11:1:1,626
11:2:2,626
11:3:1,626
11:4:1,627
11:5:2,627
11:6:1,626
11:7:1,627
11:8:2,627
11:9:1,626
11:10:1,627
11:11:2,626
11:12:1,626
11:13:1,625
11:14:2,626
11:15:1,626
11:16:1,627
11:17:1,626
11:18:1,627
11:19:2,626
11:20:1,627
11:21:1,627
11:22:2,626
11:23:1,627
11:24:1,627
11:25:2,627
11:26:1,627
11:27:1,627
11:28:2,626
11:29:1,627
11:30:1,626
11:31:2,626
11:32:1,626
11:33:1,626
11:34:2,625
11:35:1,626
11:36:1,626
11:37:1,626
11:38:1,627
11:39:2,625
11:40:1,627
11:41:1,626
11:42:2,626
11:43:1,626
11:44:1,626
11:45:2,627
11:46:1,626
11:47:1,627
11:48:2,626
11:49:1,625
11:50:1,626
11:51:2,626
11:52:1,626
11:53:1,626
11:54:2,625
11:55:1,625
11:56:1,622
11:57:1,607
11:58:1,576
11:59:2,532
12:0:1,507
12:1:1,493
12:2:2,494
12:3:1,493
12:4:1,501
12:5:2,522
12:6:1,558
12:7:1,551
12:8:2,551
12:9:1,529
12:10:1,533
12:11:2,553
12:12:1,581
12:13:1,593
12:14:2,625
12:15:1,626
12:16:1,626
12:17:2,626
12:18:2,625
12:19:1,625
12:20:1,626
12:21:1,627
12:22:1,627
12:23:1,627
12:24:1,627
12:25:2,626
12:26:1,626
12:27:1,626
12:28:2,626
12:29:1,626
12:30:1,626
12:31:2,625
12:32:1,626
12:33:1,626
12:34:2,626
12:35:1,626
12:36:1,627
12:37:2,625
12:38:1,625
12:39:1,625
12:40:2,625
12:41:1,625
12:42:1,626
12:43:2,626
12:44:1,626
12:45:1,626
12:46:2,626
12:47:1,625
12:48:1,625
12:49:1,625
12:50:1,627
12:51:2,626
12:52:1,626
12:53:1,627
12:54:2,625
12:55:1,627
12:56:1,623
12:57:2,627
12:58:1,627
12:59:1,622
13:0:2,607
13:1:1,548
13:2:1,480
13:3:2,453
13:4:1,465
13:5:1,495
13:6:2,529
13:7:1,569
13:8:1,623
13:9:2,625
13:10:1,624
13:11:1,624
13:12:2,625
13:13:1,624
13:14:1,626
13:15:2,626
13:16:1,625
13:17:2,622
13:18:1,626
13:19:1,624
13:20:2,624
13:21:1,621
