22:53:2,2045
22:54:1,2041
22:55:2,2035
22:56:1,2027
22:57:1,2028
22:58:2,2055
22:59:1,2032
23:0:1,2078
23:1:1,2049
23:2:2,2067
23:3:1,2059
23:4:1,2063
23:5:2,2026
23:6:1,2039
23:7:1,2028
23:8:2,2060
23:9:1,2058
23:10:1,2048
23:11:2,2044
23:12:1,2048
23:13:1,2037
23:14:2,2056
23:15:1,2018
23:16:1,2055
23:17:2,2055
23:18:1,2025
23:19:1,2062
23:20:2,2057
23:21:1,2076
23:22:1,2057
23:23:1,2039
23:24:1,2052
23:25:1,2032
23:26:1,2044
23:27:1,2060
23:28:1,2022
23:29:2,2050
23:30:1,2056
23:31:1,2034
23:32:2,2066
23:33:1,2039
23:34:1,2036
23:35:2,2033
23:36:1,2048
23:37:1,2040
23:38:2,2065
23:39:1,2042
23:40:1,2046
23:41:2,2047
23:42:1,2050
23:43:1,2054
23:44:2,2018
23:34:2,2042
23:47:1,2070
23:48:27,1790
23:49:2,1756
23:50:1,1766
23:51:1,1782
23:52:2,1764
23:53:1,1767
23:54:1,1771
23:55:2,1758
23:56:1,1764
23:57:2,1749
23:58:1,1748
23:59:1,1765
0:0:2,1749
0:1:1,1728
0:2:1,1743
0:3:2,1750
0:4:1,1760
0:5:1,1746
0:6:2,1740
0:7:1,1724
0:8:1,1750
0:9:1,1724
0:10:1,1750
0:11:1,1757
0:12:1,1722
0:13:1,1761
0:14:2,1745
0:15:1,1746
0:16:1,1757
0:17:2,1746
0:18:1,1768
0:19:1,1734
0:20:2,1722
0:21:1,1739
0:22:1,1750
0:23:2,1737
0:24:1,1749
0:25:1,1770
0:26:2,1738
0:27:1,1742
0:28:1,1757
0:29:2,1731
0:30:1,1743
0:31:1,1755
0:32:1,1748
0:33:1,1725
0:34:1,1719
0:35:1,1733
0:36:1,1771
0:37:2,1743
0:38:1,1728
0:39:1,1737
0:40:2,1739
0:41:1,1738
0:42:1,1741
0:43:2,1747
0:44:1,1737
0:45:1,1731
0:46:2,1722
0:47:1,1743
0:48:1,1720
0:49:2,1739
0:50:1,1721
0:51:1,1726
0:52:2,1734
0:53:1,1745
0:54:1,1744
0:55:1,1737
0:56:1,1747
0:57:2,1737
0:58:1,1728
0:59:1,1732
1:0:2,1729
1:1:1,1759
1:2:1,1772
1:3:2,1751
1:4:1,1736
1:5:1,1735
1:6:2,1753
1:7:1,1731
1:8:1,1744
1:9:2,1714
1:10:1,1733
1:11:1,1760
1:12:2,1731
1:13:1,1713
1:14:2,1728
1:15:1,1715
1:16:1,1715
1:17:2,1758
1:18:1,1718
1:19:1,1741
1:20:2,1736
1:21:1,1742
1:22:1,1747
1:23:2,1746
1:24:1,1746
1:25:1,1766
1:26:2,1732
1:27:1,1730
1:28:1,1713
1:29:2,1716
1:30:1,1750
1:31:1,1735
1:32:2,1716
1:33:1,1756
1:34:1,1746
1:35:1,1734
1:36:1,1710
1:37:2,1755
1:38:1,1760
1:39:1,1760
1:40:2,1751
1:41:1,1746
1:42:1,1724
1:43:2,1752
1:44:1,1722
1:45:1,1722
1:46:2,1754
1:47:1,1733
1:48:1,1753
1:49:2,1743
1:50:1,1737
1:51:1,1742
1:52:2,1737
1:53:1,1728
1:54:1,1756
1:55:2,1728
1:56:1,1730
1:57:1,1732
1:58:1,1748
1:59:1,1729
2:0:1,1723
2:1:1,1748
2:2:1,1734
2:3:1,1755
2:4:1,1710
2:5:1,1724
2:6:2,1740
2:7:1,1754
2:8:1,1747
2:9:2,1729
2:10:1,1748
2:11:1,1752
2:12:2,1732
2:13:1,1732
2:14:1,1731
2:15:2,1724
2:16:1,1729
2:17:1,1726
2:18:2,1742
2:19:1,1745
2:20:1,1724
2:21:1,1736
2:22:1,1730
2:23:2,1731
2:24:1,1748
2:25:1,1737
2:26:2,1739
2:27:1,1723
2:28:1,1720
2:29:2,1732
2:30:1,1742
2:31:1,1745
2:32:2,1732
2:33:1,1726
2:34:1,1749
2:35:2,1742
2:36:1,1740
2:37:1,1714
2:38:2,1717
2:39:1,1753
2:40:1,1751
2:41:2,1754
2:42:1,1728
2:43:2,1712
2:44:1,1739
2:45:1,1732
2:46:2,1732
2:47:1,1762
2:48:1,1764
2:49:2,1722
2:50:1,1728
2:51:1,1726
2:52:2,1745
2:53:1,1742
2:54:1,1749
2:55:2,1757
2:56:1,1707
2:57:1,1727
2:58:2,1745
2:59:1,1722
3:0:1,1733
3:1:2,1713
3:2:1,1729
3:3:1,1724
3:4:2,1753
3:5:1,1744
3:6:1,1728
3:7:2,1745
3:8:1,1739
3:9:1,1722
3:10:2,1737
3:11:1,1749
3:12:1,1764
3:13:1,1739
3:14:1,1729
3:15:2,1734
3:16:1,1726
3:17:1,1760
3:18:2,1735
3:19:1,1748
3:20:1,1731
3:21:2,1721
3:22:1,1750
3:23:1,1706
3:24:2,1748
3:25:1,1749
3:26:1,1761
3:27:2,1751
3:28:1,1720
3:29:1,1734
3:30:2,1712
3:31:1,1748
3:32:1,1741
3:33:2,1729
3:34:1,1729
3:35:1,1757
3:36:1,1738
3:37:1,1739
3:38:2,1729
3:39:1,1759
3:40:1,1742
3:41:2,1730
3:42:1,1749
3:43:1,1728
3:44:2,1718
3:45:1,1723
3:46:1,1758
3:47:2,1733
3:48:1,1727
3:49:1,1703
3:50:2,1741
3:51:1,1721
3:52:1,1731
3:53:2,1722
3:54:1,1718
3:55:1,1723
3:56:2,1759
3:57:1,1766
3:58:1,1731
3:59:2,1748
4:0:1,1751
4:1:1,1721
4:2:1,1711
4:3:1,1738
4:4:2,1733
4:5:1,1737
4:6:1,1730
4:7:2,1769
4:8:1,1739
4:9:1,1737
4:10:2,1743
4:11:1,1756
4:12:1,1763
4:13:2,1747
4:14:1,1718
4:15:1,1738
4:16:2,1742
4:17:1,1728
4:18:1,1736
4:19:2,1716
4:20:1,1739
4:21:1,1737
4:22:1,1753
4:23:1,1733
4:24:2,1706
4:25:1,1720
4:26:1,1734
4:27:2,1746
4:28:1,1723
4:29:1,1751
4:30:2,1711
4:31:1,1738
4:32:1,1723
4:33:2,1725
4:34:1,1741
4:35:1,1726
4:36:2,1718
4:37:1,1729
4:38:1,1720
4:39:1,1714
4:40:1,1704
4:41:2,1741
4:42:1,1733
4:43:1,1734
4:44:2,1735
4:45:1,1756
4:46:1,1725
4:47:2,1735
4:48:1,1724
4:49:1,1734
4:50:2,1730
4:51:1,1738
4:52:1,1719
4:53:2,1742
4:54:1,1704
4:55:1,1765
4:56:2,1744
4:57:1,1722
4:58:1,1706
4:59:2,1729
5:0:1,1730
5:1:1,1752
5:2:1,1739
5:3:1,1733
5:4:1,1730
5:5:1,1744
5:6:1,1734
5:7:2,1735
5:8:1,1750
5:9:1,1752
5:10:2,1745
5:11:1,1739
5:12:1,1728
5:13:2,1719
5:14:1,1726
5:15:1,1707
5:16:2,1739
5:17:1,1729
5:18:1,1721
5:19:2,1742
5:20:1,1714
5:21:1,1760
5:22:2,1746
5:23:1,1717
5:24:1,1714
5:25:2,1725
5:26:1,1743
5:27:1,1743
5:28:2,1714
5:29:1,1738
5:30:1,1728
5:31:2,1733
5:32:1,1715
5:33:1,1721
5:34:2,1707
5:35:1,1723
5:36:1,1740
5:37:1,1719
5:38:1,1715
5:39:2,1732
5:40:1,1714
5:41:1,1722
5:42:2,1709
5:43:1,1719
5:44:1,1754
5:45:2,1738
5:46:1,1739
5:47:1,1718
5:48:2,1738
5:49:1,1735
5:50:1,1728
5:51:2,1716
5:52:1,1711
5:53:1,1709
5:54:2,1740
5:55:1,1741
5:56:1,1711
5:57:1,1724
5:58:1,1733
5:59:2,1736
6:0:1,1708
6:1:1,1709
6:2:2,1713
6:3:1,1720
6:4:1,1741
6:5:2,1718
6:6:1,1740
6:7:1,1724
6:8:2,1720
6:9:1,1727
6:10:1,1713
6:11:2,1729
6:12:1,1706
6:13:1,1745
6:14:2,1730
6:15:1,1708
6:16:1,1713
6:17:2,1692
6:18:1,1710
6:19:1,1712
6:20:2,1720
6:21:1,1735
6:22:1,1748
6:23:2,1700
6:24:1,1719
6:25:1,1720
6:26:1,1708
6:27:1,1709
6:28:1,1714
6:29:1,1698
6:30:2,1729
6:31:1,1754
6:32:1,1724
6:33:2,1716
6:34:1,1710
6:35:1,1713
6:36:2,1725
6:37:1,1741
6:38:1,1721
6:39:2,1715
6:40:1,1727
6:41:1,1722
6:42:2,1703
6:43:1,1743
6:44:1,1708
6:45:2,1723
6:46:1,1689
6:47:1,1712
6:48:2,1727
6:49:1,1713
6:50:1,1723
6:51:1,1720
6:52:1,1723
6:53:1,1708
6:54:2,1716
6:55:1,1717
6:56:1,1731
6:57:1,1746
6:58:1,1732
6:59:2,1696
7:0:1,1750
7:1:1,1704
7:2:2,1709
7:3:1,1721
7:4:1,1733
7:5:2,1706
7:6:1,1725
7:7:1,1731
7:8:2,1726
7:9:1,1710
7:10:1,1720
7:11:2,1711
7:12:1,1704
7:13:1,1713
7:14:2,1720
7:15:1,1714
7:16:1,1727
7:17:2,1689
7:18:1,1734
7:19:1,1724
7:20:1,1721
7:21:1,1717
7:22:2,1714
7:23:1,1734
7:24:1,1706
7:25:2,1710
7:26:1,1690
7:27:1,1732
7:28:2,1732
7:29:1,1697
7:30:1,1726
7:31:2,1729
7:32:1,1706
7:33:1,1725
7:34:2,1700
7:35:1,1716
7:36:2,1708
7:37:1,1707
7:38:1,1690
7:39:1,1749
7:40:1,1703
7:41:1,1701
7:42:2,1720
7:43:1,1712
7:44:1,1706
7:45:2,1730
7:46:1,1703
7:47:1,1718
7:48:2,1724
7:49:1,1720
7:50:1,1698
7:51:2,1703
7:52:1,1718
7:53:1,1700
7:54:2,1716
7:55:1,1685
7:56:1,1725
7:57:2,1723
7:58:1,1721
7:59:1,1706
8:0:2,1732
8:1:1,1696
8:2:1,1725
8:3:2,1712
8:4:1,1702
8:5:1,1704
8:6:1,1722
8:7:1,1706
8:8:1,1719
8:9:1,1733
8:10:1,1713
8:11:2,1714
8:12:1,1716
8:13:1,1703
8:14:2,1742
8:15:1,1720
8:16:1,1684
8:17:2,1696
8:18:1,1721
8:19:1,1707
8:20:2,1720
8:21:1,1709
8:22:1,1729
8:23:2,1720
8:24:1,1724
8:25:1,1683
8:26:2,1722
8:27:1,1719
8:28:1,1704
8:29:1,1710
8:30:1,1707
8:31:1,1730
8:32:1,1727
8:33:1,1689
8:34:2,1716
8:35:1,1698
8:36:1,1705
8:37:1,1708
8:38:1,1712
8:39:1,1729
8:40:2,1712
8:41:1,1713
8:42:1,1710
8:43:2,1702
8:44:1,1687
8:45:1,1726
8:46:2,1729
8:47:1,1729
8:48:1,1704
8:49:2,1707
8:50:1,1729
8:51:1,1691
8:52:2,1700
8:53:1,1743
8:54:1,1720
8:55:2,1685
8:56:1,1696
8:57:1,1709
8:58:2,1731
8:59:1,1715
9:0:1,1683
9:1:2,1715
9:2:1,1723
9:3:1,1710
9:4:1,1724
9:5:1,1701
9:6:2,1723
9:7:1,1728
9:8:1,1734
9:9:2,1700
9:10:1,1706
9:11:1,1720
9:12:2,1693
9:13:1,1702
9:14:1,1720
9:15:2,1706
9:16:1,1710
9:17:1,1724
9:18:2,1753
9:19:1,1702
9:20:1,1724
9:21:2,1704
9:22:1,1710
9:23:1,1750
9:24:1,1725
9:25:1,1724
9:26:2,1714
9:27:1,1731
9:28:1,1705
9:29:2,1715
9:30:1,1690
9:31:1,1725
9:32:2,1741
9:33:1,1728
9:34:1,1722
9:35:2,1703
9:36:1,1732
9:37:1,1705
9:38:2,1745
9:39:1,1698
9:40:1,1726
9:41:2,1724
9:42:1,1705
9:43:1,1714
9:44:2,1706
9:45:1,1704
9:46:1,1716
9:47:2,1705
9:48:1,1734
9:49:1,1725
9:50:2,1713
9:51:1,1733
9:52:1,1697
9:53:1,1725
9:54:1,1718
9:55:2,1701
9:56:1,1722
9:57:1,1702
9:58:2,1723
9:59:1,1689
10:0:1,1707
10:1:2,1692
10:2:1,1700
10:3:1,1717
10:4:2,1702
10:5:1,1693
10:6:1,1705
10:7:2,1712
10:8:1,1713
10:9:1,1699
10:10:2,1689
10:11:1,1696
10:12:1,1703
10:13:2,1701
10:14:1,1686
10:15:1,1694
10:16:2,1697
10:17:1,1677
10:18:1,1703
10:19:1,1708
10:20:1,1702
10:21:2,1714
10:22:1,1697
10:23:1,1711
10:24:1,1706
10:25:1,1727
10:26:1,1708
10:27:2,1706
10:28:1,1674
10:29:1,1675
10:30:2,1709
10:31:1,1692
10:32:1,1671
10:33:2,1687
10:34:1,1690
10:35:1,1692
10:36:2,1694
10:37:1,1686
10:38:1,1675
10:39:2,1704
10:40:1,1682
10:41:1,1705
10:42:2,1678
10:43:1,1683
10:44:1,1689
10:45:2,1684
10:46:1,1701
10:47:1,1687
10:48:2,1728
10:49:1,1685
10:50:2,1718
10:51:1,1714
10:52:1,1677
10:53:2,1710
10:54:1,1690
10:55:1,1685
10:56:2,1709
10:57:1,1726
10:58:1,1696
10:59:2,1688
11:0:1,1716
11:1:1,1689
11:2:2,1711
11:3:1,1685
11:4:1,1710
11:5:2,1676
11:6:1,1670
11:7:1,1694
11:8:2,1676
11:9:1,1691
11:10:1,1677
11:11:2,1690
11:12:1,1720
11:13:1,1714
11:14:2,1678
11:15:1,1686
11:16:1,1691
11:17:1,1698
11:18:1,1675
11:19:2,1708
11:20:1,1681
11:21:1,1703
11:22:2,1696
11:23:1,1691
11:24:1,1685
11:25:2,1688
11:26:1,1700
11:27:1,1705
11:28:2,1692
11:29:1,1703
11:30:1,1689
11:31:2,1695
11:32:1,1681
11:33:1,1663
11:34:2,1699
11:35:1,1682
11:36:1,1705
11:37:1,1684
11:38:1,1682
11:39:1,1686
11:40:1,1661
11:41:1,1694
11:42:2,1693
11:43:1,1697
11:44:1,1727
11:45:2,1700
11:46:1,1681
11:47:1,1692
11:48:2,1672
11:49:1,1711
11:50:1,1681
11:51:2,1722
11:52:1,1706
11:53:1,1686
11:54:2,1727
11:55:1,1719
11:56:1,1681
11:57:1,1682
11:58:1,1691
11:59:2,1699
12:0:1,1674
12:1:1,1685
12:2:2,1699
12:3:1,1682
12:4:1,1696
12:5:2,1678
12:6:1,1708
12:7:1,1683
12:8:2,1686
12:9:1,1697
12:10:1,1674
12:11:2,1724
12:12:1,1687
12:13:1,1686
12:14:2,1698
12:15:1,1686
12:16:1,1685
12:17:2,1691
12:18:1,1715
12:19:1,1694
12:20:1,1699
12:21:1,1710
12:22:1,1666
12:23:1,1689
12:24:1,1700
12:25:2,1706
12:26:1,1697
12:27:1,1699
12:28:2,1701
12:29:1,1706
12:30:1,1702
12:31:2,1669
12:32:1,1667
12:33:1,1714
12:34:2,1684
12:35:1,1686
12:36:1,1696
12:37:2,1670
12:38:1,1694
12:39:1,1704
12:40:2,1687
12:41:1,1679
12:42:1,1700
12:43:2,1697
12:44:1,1668
12:45:1,1699
12:46:2,1704
12:47:1,1704
12:48:1,1676
12:49:1,1702
12:50:1,1697
12:51:1,1679
12:52:1,1701
12:53:1,1719
12:54:1,1662
12:55:1,1681
12:56:1,1668
12:57:2,1694
12:58:1,1687
12:59:1,1697
13:0:2,1692
13:1:1,1704
13:2:1,1699
13:3:2,1682
13:4:1,1679
13:5:1,1693
13:6:2,1677
13:7:1,1677
13:8:1,1708
13:9:2,1670
13:10:1,1698
13:11:1,1703
13:12:2,1704
13:13:1,1667
13:14:1,1662
13:15:2,1685
13:16:1,1688
13:17:1,1688
13:18:1,1700
13:19:1,1690
13:20:2,1679
13:21:1,1674