18:47:2,2044
18:53:5,2060
18:54:1,2063
18:55:2,2043
18:56:1,2055
18:57:2,2054
18:58:1,2042
18:59:1,2073
19:0:1,2050
19:1:1,2059
19:2:1,2061
19:3:1,2051
19:4:2,2045
19:5:2,2049
19:6:1,2050
19:7:2,2026
19:8:1,2045
19:9:1,2085
19:10:1,2051
19:11:1,2049
19:12:1,2048
19:13:1,2081
19:14:1,2054
19:15:1,2055
19:16:2,2047
19:17:2,2040
19:18:1,2022
19:19:1,2051
19:20:1,2081
19:21:1,2045
19:22:2,2035
19:23:1,2057
19:24:1,2041
19:25:1,2027
19:26:2,2062
19:27:1,2044
19:28:1,2060
19:29:1,2081
19:30:2,2028
19:31:1,2062
19:32:1,2058
19:33:1,2050
19:34:2,2029
19:35:1,2061
19:36:1,2045
19:37:2,2042
19:38:1,2058
19:39:1,2042
19:40:1,2042
19:41:1,2061
19:42:1,2054
19:43:2,2049
19:44:1,2054
19:45:1,2052
19:46:1,2062
19:47:1,2053
19:48:1,2045
19:49:2,2054
19:50:1,2050
19:51:1,2042
19:52:2,2063
19:27:1,2054
19:59:1,2054
