17:12:18,535
17:12:18,538
17:13:11,536
17:14:11,536
17:15:12,536
17:16:12,537
17:17:12,537
17:18:12,539
17:19:11,538
17:20:12,537
17:21:11,538
17:22:11,538
17:23:11,539
17:24:11,540
17:25:11,538
17:26:11,538
17:27:11,537
17:28:11,536
17:29:12,539
17:30:11,536
17:31:12,541
17:32:11,535
17:33:11,536
17:34:11,535
17:35:12,537
17:36:11,534
17:37:12,538
17:38:12,539
17:39:12,538
17:40:11,539
17:41:12,540
17:42:11,539
17:43:12,539
17:44:12,535
17:45:12,537
17:46:11,539
17:47:12,538
17:48:11,537
17:49:11,539
17:50:12,537
17:51:11,538
17:52:11,539
17:53:11,535
17:54:11,537
17:55:11,537
17:56:11,534
17:57:12,534
17:58:12,539
17:59:11,538
18:0:12,539
18:1:11,540
18:2:11,537
18:3:12,537
18:4:12,538
18:5:12,536
18:6:12,540
18:7:11,538
18:8:12,537
18:9:11,537
18:10:11,539
18:11:12,537
18:12:11,540
18:13:12,521
18:14:44,520
18:14:55,520
18:15:11,520
