17:12:18,57
17:12:18,57
17:13:11,56
17:14:11,61
17:15:12,61
17:16:12,61
17:17:12,59
17:18:12,57
17:19:11,57
17:20:12,57
17:21:12,57
17:22:11,55
17:23:12,56
17:24:11,57
17:25:11,56
17:26:12,57
17:27:11,58
17:28:11,55
17:29:12,56
17:30:12,57
17:31:12,57
17:32:12,57
17:33:11,57
17:34:11,58
17:35:12,57
17:36:11,58
17:37:12,57
17:38:12,56
17:39:12,56
17:40:12,56
17:41:12,56
17:42:12,57
17:43:12,57
17:44:12,57
17:45:12,57
17:46:12,56
17:47:12,56
17:48:12,55
17:49:11,56
17:50:12,57
17:51:12,57
17:52:11,56
17:53:11,57
17:54:12,57
17:55:11,55
17:56:11,57
17:57:12,57
17:58:12,55
17:59:11,57
18:0:12,57
18:1:12,57
18:2:11,56
18:3:12,56
18:4:12,57
18:5:12,57
18:6:12,57
18:7:11,57
18:8:12,57
18:9:11,57
18:10:12,56
18:11:12,55
18:12:11,57
18:13:12,51
18:14:45,69
18:14:55,69
18:15:12,70
