17:12:7,2048
17:12:8,2061
17:13:1,2084
17:14:1,2054
17:15:2,2030
17:16:2,2053
17:17:2,2035
17:18:2,2044
17:19:1,2063
17:20:1,2054
17:21:1,2028
17:22:1,2044
17:23:1,2064
17:24:1,2043
17:25:1,2057
17:26:1,2049
17:27:1,2054
17:28:1,2078
17:29:1,2044
17:30:1,2024
17:31:2,2050
17:32:1,2023
17:33:1,2054
17:34:1,2053
17:35:2,2032
17:36:1,2074
17:37:1,2025
17:38:2,2051
17:39:1,2027
17:40:1,2046
17:41:2,2047
17:42:1,2059
17:43:1,2058
17:44:2,2048
17:45:1,2041
17:46:1,2050
17:47:2,2053
17:48:1,2055
17:49:1,2061
17:50:2,2051
17:51:1,2046
17:52:1,2057
17:53:1,2081
17:54:1,2052
17:55:1,2063
17:56:1,2073
17:57:2,2084
17:58:2,2063
17:59:1,2039
18:0:2,2086
18:1:1,2045
18:2:1,2050
18:3:1,2062
18:4:2,2044
18:5:1,2054
18:6:2,2052
18:7:1,2058
18:8:2,2056
18:9:1,2040
18:10:1,2060
18:11:1,2041
18:12:1,2057
18:13:2,2057
17:47:1,2038
18:14:44,2059
18:15:1,2067
