23:1:33,-1
23:1:43,-1
23:1:44,-1
23:2:11,-1
23:3:12,-1
23:4:12,-1
23:5:12,-1
23:6:11,-1
23:7:11,-1
23:8:11,-1
23:9:11,-1
23:10:11,-1
23:11:11,-1
23:12:12,-1
23:13:11,-1
23:14:12,-1
23:15:11,-1
23:16:11,-1
23:17:11,-1
23:18:11,-1
23:19:11,-1
23:20:12,-1
23:21:11,-1
23:22:11,-1
23:23:11,-1
23:24:12,-1
23:25:11,-1
23:26:12,-1
23:27:11,-1
23:28:11,-1
23:29:11,-1
23:30:11,-1
23:31:12,-1
23:32:11,-1
23:33:11,-1
23:34:12,-1
23:35:11,-1
23:36:12,-1
23:37:11,-1
23:38:11,-1
23:39:11,-1
23:40:12,-1
23:41:11,-1
23:42:12,-1
23:43:11,-1
23:44:11,-1
23:45:11,-1
23:46:12,-1
23:47:12,-1
23:48:11,-1
23:49:12,-1
23:50:12,-1
23:51:11,-1
23:52:12,-1
23:53:11,-1
23:54:11,-1
23:55:11,-1
23:56:12,-1
23:57:12,-1
23:58:11,-1
23:59:11,-1
0:0:12,-1
0:1:11,-1
6:32:11,-1
