23:1:34,43
23:1:44,43
23:1:44,43
23:2:12,44
23:3:12,45
23:4:12,45
23:5:12,43
23:6:12,44
23:7:11,43
23:8:11,43
23:9:12,43
23:10:11,43
23:11:11,43
23:12:12,42
23:13:11,43
23:14:12,43
23:15:12,43
23:16:11,43
23:17:12,43
23:18:12,43
23:19:12,42
23:20:12,42
23:21:11,42
23:22:12,43
23:23:11,42
23:24:12,42
23:25:12,42
23:26:12,42
23:27:12,42
23:28:11,42
23:29:11,43
23:30:11,42
23:31:12,37
23:32:11,38
23:33:12,37
23:34:12,38
23:35:11,38
23:36:12,37
23:37:11,38
23:38:11,38
23:39:12,38
23:40:12,38
23:41:12,38
23:42:12,38
23:43:12,38
23:44:11,38
23:45:11,38
23:46:12,38
23:47:12,38
23:48:11,38
23:49:12,38
23:50:12,37
23:51:12,38
23:52:12,38
23:53:11,38
23:54:12,38
23:55:11,38
23:56:12,38
23:57:12,38
23:58:12,38
23:59:12,38
0:0:12,38
0:1:11,20
6:32:12,43
