22:59:2,2046
23:1:33,2037
23:1:34,2054
23:2:1,2021
23:3:2,2053
23:4:2,2046
23:5:2,2044
23:6:1,2055
23:7:1,2029
23:8:1,2043
23:9:1,2029
23:10:1,2062
23:11:1,2032
23:12:2,2071
23:13:1,2072
23:14:2,2074
23:15:1,2041
23:16:1,2037
23:17:1,2062
23:18:2,2067
23:19:1,2066
23:20:2,2072
23:21:1,2038
23:22:1,2042
23:23:1,2049
23:24:2,2054
23:25:1,2046
23:26:2,2021
23:27:1,2058
23:28:1,2046
23:29:1,2042
23:30:1,2044
23:31:2,2075
23:32:1,2062
23:33:1,2064
23:34:2,2073
23:35:1,2043
23:36:2,2069
23:37:1,2037
23:38:1,2037
23:39:1,2085
23:40:2,2083
23:41:1,2077
23:42:2,2055
23:43:1,2047
23:44:1,2053
23:45:1,2060
23:46:2,2061
23:47:2,2044
23:48:1,2056
23:49:2,2023
23:50:2,2044
23:51:1,2062
23:52:1,2060
23:53:1,2060
23:54:1,2043
23:55:1,2075
23:56:2,2069
23:57:2,2050
23:58:1,2076
23:59:1,2024
0:0:2,2028
0:1:1,2052
6:32:1,2060
